 $ LHS File Format Version 1.00 
$
$ This LHS run was executed on  4/ 7/20 at 21:55:34.59
$ with LHS Version: 2.30 Release 1, Compiled May 31, 2001        
$ The run title was:
$ Pecos::LHSDriver
$
$ Message output file for this run: LHS_distributions.out
$
$ Input file(s) for this run: 
$
$ Point Values for the distributions follow:
$
$ All point values represent mean values that
$ were calculated from the actual LHS sample.
$
    Uniform1             -2.9342360E-03
    Uniform2              3.1587577E-03
$
@UNCERTAINTY
  @OBSERVATIONS     20
  @VARIABLES      2
    Uniform1:          
    Uniform2:          
@SAMPLEDATA
           1           2   1.9125951931811871       -1.8561424305662513     
           2           2 -0.91939222994260494       0.71470980197191247     
           3           2  -1.7233175525907427      -0.49116868227720245     
           4           2 -0.48227365333586919       -1.3529597759712486     
           5           2   1.2652092909440400       0.87467542341910332     
           6           2 -0.71000722288154050        1.1455143545288593     
           7           2   1.6188625873066487      -0.29068430182524019     
           8           2   1.5104760634712879        1.7326832095626743     
           9           2  0.10057507432065904       -1.0094936650712043     
          10           2  -1.2033208146225660       -1.5179194009397179     
          11           2  0.31456886106170734      -0.14670699397101994     
          12           2 -0.37584833209402851       0.11791906063444912     
          13           2  -1.4571030136663468        1.4910389697179203     
          14           2  -1.1322172692511230        1.9326539622154089     
          15           2   1.1597147620283068       0.26319268955849129     
          16           2  0.59944876222871279      -0.79211081461980926     
          17           2  -1.8746159900445492       -1.6026358039118349     
          18           2  0.81422380586154786        1.3125902701169254     
          19           2  0.69504886637441821      -0.98406362938694658     
          20           2 -0.17131190760992462       0.52208291180431876     
