Writing new restart file 'dakota.rst'.
methodName = optpp_q_newton
Gradient type = numerical Hessian type = none

>>>>> Executing environment.

>>>>> Running optpp_q_newton iterator.

>>>>> optpp_q_newton: pre-run phase.

>>>>> optpp_q_newton: core run phase.

------------------------------------------
Begin Dakota derivative estimation routine
------------------------------------------

>>>>> Initial map for analytic portion of response:

------------------------------
Begin interface Evaluation    1
------------------------------
Parameters for evaluation 1:
                     -1.8752439851e+00 x1
                      1.2189131412e+00 y1

(Asynchronous job 1 added to interface queue)


>>>>> Dakota finite difference gradient evaluation for x[1] + h:

------------------------------
Begin interface Evaluation    2
------------------------------
Parameters for evaluation 2:
                     -1.8754315095e+00 x1
                      1.2189131412e+00 y1

(Asynchronous job 2 added to interface queue)


>>>>> Dakota finite difference gradient evaluation for x[1] - h:

------------------------------
Begin interface Evaluation    3
------------------------------
Parameters for evaluation 3:
                     -1.8750564607e+00 x1
                      1.2189131412e+00 y1

(Asynchronous job 3 added to interface queue)


>>>>> Dakota finite difference gradient evaluation for x[2] + h:

------------------------------
Begin interface Evaluation    4
------------------------------
Parameters for evaluation 4:
                     -1.8752439851e+00 x1
                      1.2190350325e+00 y1

(Asynchronous job 4 added to interface queue)


>>>>> Dakota finite difference gradient evaluation for x[2] - h:

------------------------------
Begin interface Evaluation    5
------------------------------
Parameters for evaluation 5:
                     -1.8752439851e+00 x1
                      1.2187912499e+00 y1

(Asynchronous job 5 added to interface queue)



Blocking synchronize of 5 asynchronous interface evaluations
First pass: initiating 5 local asynchronous jobs
Initiating interface evaluation 1
nonblocking fork: python3 -m optim params.in results.out
Changing directory to "workdir/run.1"
Changing directory back to /home/greg/Dakota_CFS/src/Problems/Disk
Initiating interface evaluation 2
nonblocking fork: python3 -m optim params.in results.out
Changing directory to "workdir/run.2"
Changing directory back to /home/greg/Dakota_CFS/src/Problems/Disk
Initiating interface evaluation 3
nonblocking fork: python3 -m optim params.in results.out
Changing directory to "workdir/run.3"
Changing directory back to /home/greg/Dakota_CFS/src/Problems/Disk
Initiating interface evaluation 4
nonblocking fork: python3 -m optim params.in results.out
Changing directory to "workdir/run.4"
Changing directory back to /home/greg/Dakota_CFS/src/Problems/Disk
Initiating interface evaluation 5
nonblocking fork: python3 -m optim params.in results.out
Changing directory to "workdir/run.5"
Changing directory back to /home/greg/Dakota_CFS/src/Problems/Disk
Waiting on completed jobs
Removing "workdir/run.1/params.in" and "workdir/run.1/results.out"
Removing "workdir/run.5/params.in" and "workdir/run.5/results.out"
interface evaluation 1 has completed
interface evaluation 5 has completed
Waiting on completed jobs
Removing "workdir/run.4/params.in" and "workdir/run.4/results.out"
interface evaluation 4 has completed
Waiting on completed jobs
Removing "workdir/run.2/params.in" and "workdir/run.2/results.out"
interface evaluation 2 has completed
Waiting on completed jobs
Removing "workdir/run.3/params.in" and "workdir/run.3/results.out"
interface evaluation 3 has completed

Active response data for interface evaluation 1:
Active set vector = { 1 1 }
                      1.2365798105e+00 objective
                      1.2365798105e+00 nlcon_1


Active response data for interface evaluation 2:
Active set vector = { 1 1 }
                      1.2367370418e+00 objective
                      1.2367370418e+00 nlcon_1


Active response data for interface evaluation 3:
Active set vector = { 1 1 }
                      1.2364225847e+00 objective
                      1.2364225847e+00 nlcon_1


Active response data for interface evaluation 4:
Active set vector = { 1 1 }
                      1.2366462427e+00 objective
                      1.2366462427e+00 nlcon_1


Active response data for interface evaluation 5:
Active set vector = { 1 1 }
                      1.2365133835e+00 objective
                      1.2365133835e+00 nlcon_1

>>>>> Total response returned to iterator:

Active set vector = { 3 3 } Deriv vars vector = { 1 2 }
                      1.2365798105e+00 objective
                      1.2365798105e+00 nlcon_1
 [ -8.3844313952e-01  5.4499061162e-01 ] objective gradient
 [ -8.3844313952e-01  5.4499061162e-01 ] nlcon_1 gradient



------------------------------------------
Begin Dakota derivative estimation routine
------------------------------------------

>>>>> Initial map for analytic portion of response:

------------------------------
Begin interface Evaluation    6
------------------------------
Parameters for evaluation 6:
                     -1.2559624101e+00 x1
                      8.2303962517e-01 y1

(Asynchronous job 6 added to interface queue)


>>>>> Dakota finite difference gradient evaluation for x[1] + h:

------------------------------
Begin interface Evaluation    7
------------------------------
Parameters for evaluation 7:
                     -1.2560880063e+00 x1
                      8.2303962517e-01 y1

(Asynchronous job 7 added to interface queue)


>>>>> Dakota finite difference gradient evaluation for x[1] - h:

------------------------------
Begin interface Evaluation    8
------------------------------
Parameters for evaluation 8:
                     -1.2558368138e+00 x1
                      8.2303962517e-01 y1

(Asynchronous job 8 added to interface queue)


>>>>> Dakota finite difference gradient evaluation for x[2] + h:

------------------------------
Begin interface Evaluation    9
------------------------------
Parameters for evaluation 9:
                     -1.2559624101e+00 x1
                      8.2312192913e-01 y1

(Asynchronous job 9 added to interface queue)


>>>>> Dakota finite difference gradient evaluation for x[2] - h:

------------------------------
Begin interface Evaluation   10
------------------------------
Parameters for evaluation 10:
                     -1.2559624101e+00 x1
                      8.2295732120e-01 y1

(Asynchronous job 10 added to interface queue)



Blocking synchronize of 5 asynchronous interface evaluations
First pass: initiating 5 local asynchronous jobs
Initiating interface evaluation 6
nonblocking fork: python3 -m optim params.in results.out
Changing directory to "workdir/run.6"
Changing directory back to /home/greg/Dakota_CFS/src/Problems/Disk
Initiating interface evaluation 7
nonblocking fork: python3 -m optim params.in results.out
Changing directory to "workdir/run.7"
Changing directory back to /home/greg/Dakota_CFS/src/Problems/Disk
Initiating interface evaluation 8
nonblocking fork: python3 -m optim params.in results.out
Changing directory to "workdir/run.8"
Changing directory back to /home/greg/Dakota_CFS/src/Problems/Disk
Initiating interface evaluation 9
nonblocking fork: python3 -m optim params.in results.out
Changing directory to "workdir/run.9"
Changing directory back to /home/greg/Dakota_CFS/src/Problems/Disk
Initiating interface evaluation 10
nonblocking fork: python3 -m optim params.in results.out
Changing directory to "workdir/run.10"
Changing directory back to /home/greg/Dakota_CFS/src/Problems/Disk
Waiting on completed jobs
Removing "workdir/run.6/params.in" and "workdir/run.6/results.out"
interface evaluation 6 has completed
Waiting on completed jobs
Removing "workdir/run.10/params.in" and "workdir/run.10/results.out"
interface evaluation 10 has completed
Waiting on completed jobs
Removing "workdir/run.7/params.in" and "workdir/run.7/results.out"
interface evaluation 7 has completed
Waiting on completed jobs
Removing "workdir/run.8/params.in" and "workdir/run.8/results.out"
interface evaluation 8 has completed
Waiting on completed jobs
Removing "workdir/run.9/params.in" and "workdir/run.9/results.out"
interface evaluation 9 has completed

Active response data for interface evaluation 6:
Active set vector = { 1 1 }
                      5.0161106815e-01 objective
                      5.0161106815e-01 nlcon_1


Active response data for interface evaluation 7:
Active set vector = { 1 1 }
                      5.0171611947e-01 objective
                      5.0171611947e-01 nlcon_1


Active response data for interface evaluation 8:
Active set vector = { 1 1 }
                      5.0150601998e-01 objective
                      5.0150601998e-01 nlcon_1


Active response data for interface evaluation 9:
Active set vector = { 1 1 }
                      5.0165618085e-01 objective
                      5.0165618085e-01 nlcon_1


Active response data for interface evaluation 10:
Active set vector = { 1 1 }
                      5.0156595854e-01 objective
                      5.0156595854e-01 nlcon_1

>>>>> Total response returned to iterator:

Active set vector = { 3 3 } Deriv vars vector = { 1 2 }
                      5.0161106815e-01 objective
                      5.0161106815e-01 nlcon_1
 [ -8.3640832519e-01  5.4810431049e-01 ] objective gradient
 [ -8.3640832519e-01  5.4810431049e-01 ] nlcon_1 gradient



------------------------------------------
Begin Dakota derivative estimation routine
------------------------------------------

>>>>> Initial map for analytic portion of response:

------------------------------
Begin interface Evaluation   11
------------------------------
Parameters for evaluation 11:
                     -5.8179239242e-01 x1
                      4.2938111467e-01 y1

(Asynchronous job 11 added to interface queue)


>>>>> Dakota finite difference gradient evaluation for x[1] + h:

------------------------------
Begin interface Evaluation   12
------------------------------
Parameters for evaluation 12:
                     -5.8185057166e-01 x1
                      4.2938111467e-01 y1

(Asynchronous job 12 added to interface queue)


>>>>> Dakota finite difference gradient evaluation for x[1] - h:

------------------------------
Begin interface Evaluation   13
------------------------------
Parameters for evaluation 13:
                     -5.8173421318e-01 x1
                      4.2938111467e-01 y1

(Asynchronous job 13 added to interface queue)


>>>>> Dakota finite difference gradient evaluation for x[2] + h:

------------------------------
Begin interface Evaluation   14
------------------------------
Parameters for evaluation 14:
                     -5.8179239242e-01 x1
                      4.2942405278e-01 y1

(Asynchronous job 14 added to interface queue)


>>>>> Dakota finite difference gradient evaluation for x[2] - h:

------------------------------
Begin interface Evaluation   15
------------------------------
Parameters for evaluation 15:
                     -5.8179239242e-01 x1
                      4.2933817656e-01 y1

(Asynchronous job 15 added to interface queue)



Blocking synchronize of 5 asynchronous interface evaluations
First pass: initiating 5 local asynchronous jobs
Initiating interface evaluation 11
nonblocking fork: python3 -m optim params.in results.out
Changing directory to "workdir/run.11"
Changing directory back to /home/greg/Dakota_CFS/src/Problems/Disk
Initiating interface evaluation 12
nonblocking fork: python3 -m optim params.in results.out
Changing directory to "workdir/run.12"
Changing directory back to /home/greg/Dakota_CFS/src/Problems/Disk
Initiating interface evaluation 13
nonblocking fork: python3 -m optim params.in results.out
Changing directory to "workdir/run.13"
Changing directory back to /home/greg/Dakota_CFS/src/Problems/Disk
Initiating interface evaluation 14
nonblocking fork: python3 -m optim params.in results.out
Changing directory to "workdir/run.14"
Changing directory back to /home/greg/Dakota_CFS/src/Problems/Disk
Initiating interface evaluation 15
nonblocking fork: python3 -m optim params.in results.out
Changing directory to "workdir/run.15"
Changing directory back to /home/greg/Dakota_CFS/src/Problems/Disk
Waiting on completed jobs
Removing "workdir/run.15/params.in" and "workdir/run.15/results.out"
interface evaluation 15 has completed
Waiting on completed jobs
Removing "workdir/run.13/params.in" and "workdir/run.13/results.out"
interface evaluation 13 has completed
Waiting on completed jobs
Removing "workdir/run.11/params.in" and "workdir/run.11/results.out"
interface evaluation 11 has completed
Waiting on completed jobs
Removing "workdir/run.12/params.in" and "workdir/run.12/results.out"
interface evaluation 12 has completed
Waiting on completed jobs
Removing "workdir/run.14/params.in" and "workdir/run.14/results.out"
interface evaluation 14 has completed

Active response data for interface evaluation 11:
Active set vector = { 1 1 }
                     -1.7050616402e+03 objective
                     -2.7691595958e-01 nlcon_1


Active response data for interface evaluation 12:
Active set vector = { 1 1 }
                     -1.7050161628e+03 objective
                     -2.7686914777e-01 nlcon_1


Active response data for interface evaluation 13:
Active set vector = { 1 1 }
                     -1.7051071216e+03 objective
                     -2.7696276965e-01 nlcon_1


Active response data for interface evaluation 14:
Active set vector = { 1 1 }
                     -1.7050380712e+03 objective
                     -2.7689046129e-01 nlcon_1


Active response data for interface evaluation 15:
Active set vector = { 1 1 }
                     -1.7050852097e+03 objective
                     -2.7694145621e-01 nlcon_1

>>>>> Total response returned to iterator:

Active set vector = { 3 3 } Deriv vars vector = { 1 2 }
                     -1.7050616402e+03 objective
                     -2.7691595958e-01 nlcon_1
 [ -7.8171249576e+02  5.4891242082e+02 ] objective gradient
 [ -8.0459872824e-01  5.9381894155e-01 ] nlcon_1 gradient



------------------------------------------
Begin Dakota derivative estimation routine
------------------------------------------

>>>>> Initial map for analytic portion of response:

------------------------------
Begin interface Evaluation   16
------------------------------
Parameters for evaluation 16:
                      9.1717299519e-01 x1
                     -5.7164448488e-01 y1

(Asynchronous job 16 added to interface queue)


>>>>> Dakota finite difference gradient evaluation for x[1] + h:

------------------------------
Begin interface Evaluation   17
------------------------------
Parameters for evaluation 17:
                      9.1726471249e-01 x1
                     -5.7164448488e-01 y1

(Asynchronous job 17 added to interface queue)


>>>>> Dakota finite difference gradient evaluation for x[1] - h:

------------------------------
Begin interface Evaluation   18
------------------------------
Parameters for evaluation 18:
                      9.1708127789e-01 x1
                     -5.7164448488e-01 y1

(Asynchronous job 18 added to interface queue)


>>>>> Dakota finite difference gradient evaluation for x[2] + h:

------------------------------
Begin interface Evaluation   19
------------------------------
Parameters for evaluation 19:
                      9.1717299519e-01 x1
                     -5.7170164933e-01 y1

(Asynchronous job 19 added to interface queue)


>>>>> Dakota finite difference gradient evaluation for x[2] - h:

------------------------------
Begin interface Evaluation   20
------------------------------
Parameters for evaluation 20:
                      9.1717299519e-01 x1
                     -5.7158732043e-01 y1

(Asynchronous job 20 added to interface queue)



Blocking synchronize of 5 asynchronous interface evaluations
First pass: initiating 5 local asynchronous jobs
Initiating interface evaluation 16
nonblocking fork: python3 -m optim params.in results.out
Changing directory to "workdir/run.16"
Changing directory back to /home/greg/Dakota_CFS/src/Problems/Disk
Initiating interface evaluation 17
nonblocking fork: python3 -m optim params.in results.out
Changing directory to "workdir/run.17"
Changing directory back to /home/greg/Dakota_CFS/src/Problems/Disk
Initiating interface evaluation 18
nonblocking fork: python3 -m optim params.in results.out
Changing directory to "workdir/run.18"
Changing directory back to /home/greg/Dakota_CFS/src/Problems/Disk
Initiating interface evaluation 19
nonblocking fork: python3 -m optim params.in results.out
Changing directory to "workdir/run.19"
Changing directory back to /home/greg/Dakota_CFS/src/Problems/Disk
Initiating interface evaluation 20
nonblocking fork: python3 -m optim params.in results.out
Changing directory to "workdir/run.20"
Changing directory back to /home/greg/Dakota_CFS/src/Problems/Disk
Waiting on completed jobs
Removing "workdir/run.17/params.in" and "workdir/run.17/results.out"
interface evaluation 17 has completed
Waiting on completed jobs
Removing "workdir/run.18/params.in" and "workdir/run.18/results.out"
interface evaluation 18 has completed
Waiting on completed jobs
Removing "workdir/run.20/params.in" and "workdir/run.20/results.out"
interface evaluation 20 has completed
Waiting on completed jobs
Removing "workdir/run.16/params.in" and "workdir/run.16/results.out"
interface evaluation 16 has completed
Waiting on completed jobs
Removing "workdir/run.19/params.in" and "workdir/run.19/results.out"
interface evaluation 19 has completed

Active response data for interface evaluation 16:
Active set vector = { 1 1 }
                      8.0732955101e-02 objective
                      8.0732955101e-02 nlcon_1


Active response data for interface evaluation 17:
Active set vector = { 1 1 }
                      8.0810792838e-02 objective
                      8.0810792838e-02 nlcon_1


Active response data for interface evaluation 18:
Active set vector = { 1 1 }
                      8.0655119542e-02 objective
                      8.0655119542e-02 nlcon_1


Active response data for interface evaluation 19:
Active set vector = { 1 1 }
                      8.0763192812e-02 objective
                      8.0763192812e-02 nlcon_1


Active response data for interface evaluation 20:
Active set vector = { 1 1 }
                      8.0702719515e-02 objective
                      8.0702719515e-02 nlcon_1

>>>>> Total response returned to iterator:

Active set vector = { 3 3 } Deriv vars vector = { 1 2 }
                      8.0732955101e-02 objective
                      8.0732955101e-02 nlcon_1
 [  8.4865830616e-01 -5.2894148985e-01 ] objective gradient
 [  8.4865830616e-01 -5.2894148985e-01 ] nlcon_1 gradient



------------------------------------------
Begin Dakota derivative estimation routine
------------------------------------------

>>>>> Initial map for analytic portion of response:

------------------------------
Begin interface Evaluation   21
------------------------------
Parameters for evaluation 21:
                      1.6769030138e-01 x1
                     -7.1131685106e-02 y1

(Asynchronous job 21 added to interface queue)


>>>>> Dakota finite difference gradient evaluation for x[1] + h:

------------------------------
Begin interface Evaluation   22
------------------------------
Parameters for evaluation 22:
                      1.6770707041e-01 x1
                     -7.1131685106e-02 y1

(Asynchronous job 22 added to interface queue)


>>>>> Dakota finite difference gradient evaluation for x[1] - h:

------------------------------
Begin interface Evaluation   23
------------------------------
Parameters for evaluation 23:
                      1.6767353235e-01 x1
                     -7.1131685106e-02 y1

(Asynchronous job 23 added to interface queue)


>>>>> Dakota finite difference gradient evaluation for x[2] + h:

------------------------------
Begin interface Evaluation   24
------------------------------
Parameters for evaluation 24:
                      1.6769030138e-01 x1
                     -7.1138798274e-02 y1

(Asynchronous job 24 added to interface queue)


>>>>> Dakota finite difference gradient evaluation for x[2] - h:

------------------------------
Begin interface Evaluation   25
------------------------------
Parameters for evaluation 25:
                      1.6769030138e-01 x1
                     -7.1124571937e-02 y1

(Asynchronous job 25 added to interface queue)



Blocking synchronize of 5 asynchronous interface evaluations
First pass: initiating 5 local asynchronous jobs
Initiating interface evaluation 21
nonblocking fork: python3 -m optim params.in results.out
Changing directory to "workdir/run.21"
Changing directory back to /home/greg/Dakota_CFS/src/Problems/Disk
Initiating interface evaluation 22
nonblocking fork: python3 -m optim params.in results.out
Changing directory to "workdir/run.22"
Changing directory back to /home/greg/Dakota_CFS/src/Problems/Disk
Initiating interface evaluation 23
nonblocking fork: python3 -m optim params.in results.out
Changing directory to "workdir/run.23"
Changing directory back to /home/greg/Dakota_CFS/src/Problems/Disk
Initiating interface evaluation 24
nonblocking fork: python3 -m optim params.in results.out
Changing directory to "workdir/run.24"
Changing directory back to /home/greg/Dakota_CFS/src/Problems/Disk
Initiating interface evaluation 25
nonblocking fork: python3 -m optim params.in results.out
Changing directory to "workdir/run.25"
Changing directory back to /home/greg/Dakota_CFS/src/Problems/Disk
Waiting on completed jobs
Removing "workdir/run.24/params.in" and "workdir/run.24/results.out"
interface evaluation 24 has completed
Waiting on completed jobs
Removing "workdir/run.22/params.in" and "workdir/run.22/results.out"
interface evaluation 22 has completed
Waiting on completed jobs
Removing "workdir/run.21/params.in" and "workdir/run.21/results.out"
interface evaluation 21 has completed
Waiting on completed jobs
Removing "workdir/run.25/params.in" and "workdir/run.25/results.out"
interface evaluation 25 has completed
Waiting on completed jobs
Removing "workdir/run.23/params.in" and "workdir/run.23/results.out"
interface evaluation 23 has completed

Active response data for interface evaluation 21:
Active set vector = { 1 1 }
                     -2.6501747797e+03 objective
                     -8.1784689459e-01 nlcon_1


Active response data for interface evaluation 22:
Active set vector = { 1 1 }
                     -2.6501307906e+03 objective
                     -8.1783145692e-01 nlcon_1


Active response data for interface evaluation 23:
Active set vector = { 1 1 }
                     -2.6502187695e+03 objective
                     -8.1786233203e-01 nlcon_1


Active response data for interface evaluation 24:
Active set vector = { 1 1 }
                     -2.6501667279e+03 objective
                     -8.1784411675e-01 nlcon_1


Active response data for interface evaluation 25:
Active set vector = { 1 1 }
                     -2.6501828309e+03 objective
                     -8.1784967220e-01 nlcon_1

>>>>> Total response returned to iterator:

Active set vector = { 3 3 } Deriv vars vector = { 1 2 }
                     -2.6501747797e+03 objective
                     -8.1784689459e-01 nlcon_1
 [  2.6232559680e+03 -1.1319126426e+03 ] objective gradient
 [  9.2059918238e-01 -3.9050473387e-01 ] nlcon_1 gradient



------------------------------------------
Begin Dakota derivative estimation routine
------------------------------------------

>>>>> Initial map for analytic portion of response:

------------------------------
Begin interface Evaluation   26
------------------------------
Parameters for evaluation 26:
                     -7.9036147189e-01 x1
                     -1.9999035566e+00 y1

(Asynchronous job 26 added to interface queue)


>>>>> Dakota finite difference gradient evaluation for x[1] + h:

------------------------------
Begin interface Evaluation   27
------------------------------
Parameters for evaluation 27:
                     -7.9044050804e-01 x1
                     -1.9999035566e+00 y1

(Asynchronous job 27 added to interface queue)


>>>>> Dakota finite difference gradient evaluation for x[1] - h:

------------------------------
Begin interface Evaluation   28
------------------------------
Parameters for evaluation 28:
                     -7.9028243575e-01 x1
                     -1.9999035566e+00 y1

(Asynchronous job 28 added to interface queue)


>>>>> Dakota finite difference gradient evaluation for x[2] + h:

------------------------------
Begin interface Evaluation   29
------------------------------
Parameters for evaluation 29:
                     -7.9036147189e-01 x1
                     -1.9997035662e+00 y1

(Asynchronous job 29 added to interface queue)


>>>>> Dakota finite difference gradient evaluation for x[2] - h:

------------------------------
Begin interface Evaluation   30
------------------------------
Parameters for evaluation 30:
                     -7.9036147189e-01 x1
                     -1.9995035759e+00 y1

(Asynchronous job 30 added to interface queue)



Blocking synchronize of 5 asynchronous interface evaluations
First pass: initiating 5 local asynchronous jobs
Initiating interface evaluation 26
nonblocking fork: python3 -m optim params.in results.out
Changing directory to "workdir/run.26"
Changing directory back to /home/greg/Dakota_CFS/src/Problems/Disk
Initiating interface evaluation 27
nonblocking fork: python3 -m optim params.in results.out
Changing directory to "workdir/run.27"
Changing directory back to /home/greg/Dakota_CFS/src/Problems/Disk
Initiating interface evaluation 28
nonblocking fork: python3 -m optim params.in results.out
Changing directory to "workdir/run.28"
Changing directory back to /home/greg/Dakota_CFS/src/Problems/Disk
Initiating interface evaluation 29
nonblocking fork: python3 -m optim params.in results.out
Changing directory to "workdir/run.29"
Changing directory back to /home/greg/Dakota_CFS/src/Problems/Disk
Initiating interface evaluation 30
nonblocking fork: python3 -m optim params.in results.out
Changing directory to "workdir/run.30"
Changing directory back to /home/greg/Dakota_CFS/src/Problems/Disk
Waiting on completed jobs
Removing "workdir/run.28/params.in" and "workdir/run.28/results.out"
interface evaluation 28 has completed
Waiting on completed jobs
Removing "workdir/run.27/params.in" and "workdir/run.27/results.out"
interface evaluation 27 has completed
Waiting on completed jobs
Removing "workdir/run.29/params.in" and "workdir/run.29/results.out"
interface evaluation 29 has completed
Waiting on completed jobs
Removing "workdir/run.30/params.in" and "workdir/run.30/results.out"
interface evaluation 30 has completed
Waiting on completed jobs
Removing "workdir/run.26/params.in" and "workdir/run.26/results.out"
interface evaluation 26 has completed

Active response data for interface evaluation 26:
Active set vector = { 1 1 }
                      1.1504151910e+00 objective
                      1.1504151910e+00 nlcon_1


Active response data for interface evaluation 27:
Active set vector = { 1 1 }
                      1.1504442411e+00 objective
                      1.1504442411e+00 nlcon_1


Active response data for interface evaluation 28:
Active set vector = { 1 1 }
                      1.1503861433e+00 objective
                      1.1503861433e+00 nlcon_1


Active response data for interface evaluation 29:
Active set vector = { 1 1 }
                      1.1502291990e+00 objective
                      1.1502291990e+00 nlcon_1


Active response data for interface evaluation 30:
Active set vector = { 1 1 }
                      1.1500432104e+00 objective
                      1.1500432104e+00 nlcon_1

>>>>> Total response returned to iterator:

Active set vector = { 3 3 } Deriv vars vector = { 1 2 }
                      1.1504151910e+00 objective
                      1.1504151910e+00 nlcon_1
 [ -3.6753902354e-01 -9.3001342765e-01 ] objective gradient
 [ -3.6753902354e-01 -9.3001342765e-01 ] nlcon_1 gradient



------------------------------------------
Begin Dakota derivative estimation routine
------------------------------------------

>>>>> Initial map for analytic portion of response:

------------------------------
Begin interface Evaluation   31
------------------------------
Parameters for evaluation 31:
                     -3.1133558526e-01 x1
                     -1.0355176208e+00 y1

(Asynchronous job 31 added to interface queue)


>>>>> Dakota finite difference gradient evaluation for x[1] + h:

------------------------------
Begin interface Evaluation   32
------------------------------
Parameters for evaluation 32:
                     -3.1136671881e-01 x1
                     -1.0355176208e+00 y1

(Asynchronous job 32 added to interface queue)


>>>>> Dakota finite difference gradient evaluation for x[1] - h:

------------------------------
Begin interface Evaluation   33
------------------------------
Parameters for evaluation 33:
                     -3.1130445170e-01 x1
                     -1.0355176208e+00 y1

(Asynchronous job 33 added to interface queue)


>>>>> Dakota finite difference gradient evaluation for x[2] + h:

------------------------------
Begin interface Evaluation   34
------------------------------
Parameters for evaluation 34:
                     -3.1133558526e-01 x1
                     -1.0356211726e+00 y1

(Asynchronous job 34 added to interface queue)


>>>>> Dakota finite difference gradient evaluation for x[2] - h:

------------------------------
Begin interface Evaluation   35
------------------------------
Parameters for evaluation 35:
                     -3.1133558526e-01 x1
                     -1.0354140691e+00 y1

(Asynchronous job 35 added to interface queue)



Blocking synchronize of 5 asynchronous interface evaluations
First pass: initiating 5 local asynchronous jobs
Initiating interface evaluation 31
nonblocking fork: python3 -m optim params.in results.out
Changing directory to "workdir/run.31"
Changing directory back to /home/greg/Dakota_CFS/src/Problems/Disk
Initiating interface evaluation 32
nonblocking fork: python3 -m optim params.in results.out
Changing directory to "workdir/run.32"
Changing directory back to /home/greg/Dakota_CFS/src/Problems/Disk
Initiating interface evaluation 33
nonblocking fork: python3 -m optim params.in results.out
Changing directory to "workdir/run.33"
Changing directory back to /home/greg/Dakota_CFS/src/Problems/Disk
Initiating interface evaluation 34
nonblocking fork: python3 -m optim params.in results.out
Changing directory to "workdir/run.34"
Changing directory back to /home/greg/Dakota_CFS/src/Problems/Disk
Initiating interface evaluation 35
nonblocking fork: python3 -m optim params.in results.out
Changing directory to "workdir/run.35"
Changing directory back to /home/greg/Dakota_CFS/src/Problems/Disk
Waiting on completed jobs
Removing "workdir/run.32/params.in" and "workdir/run.32/results.out"
interface evaluation 32 has completed
Waiting on completed jobs
Removing "workdir/run.33/params.in" and "workdir/run.33/results.out"
interface evaluation 33 has completed
Waiting on completed jobs
Removing "workdir/run.35/params.in" and "workdir/run.35/results.out"
interface evaluation 35 has completed
Waiting on completed jobs
Removing "workdir/run.34/params.in" and "workdir/run.34/results.out"
interface evaluation 34 has completed
Waiting on completed jobs
Removing "workdir/run.31/params.in" and "workdir/run.31/results.out"
interface evaluation 31 has completed

Active response data for interface evaluation 31:
Active set vector = { 1 1 }
                      8.1307814674e-02 objective
                      8.1307814674e-02 nlcon_1


Active response data for interface evaluation 32:
Active set vector = { 1 1 }
                      8.1316779199e-02 objective
                      8.1316779199e-02 nlcon_1


Active response data for interface evaluation 33:
Active set vector = { 1 1 }
                      8.1298850943e-02 objective
                      8.1298850943e-02 nlcon_1


Active response data for interface evaluation 34:
Active set vector = { 1 1 }
                      8.1406981964e-02 objective
                      8.1406981964e-02 nlcon_1


Active response data for interface evaluation 35:
Active set vector = { 1 1 }
                      8.1208648207e-02 objective
                      8.1208648207e-02 nlcon_1

>>>>> Total response returned to iterator:

Active set vector = { 3 3 } Deriv vars vector = { 1 2 }
                      8.1307814674e-02 objective
                      8.1307814674e-02 nlcon_1
 [ -2.8792495130e-01 -9.5765515213e-01 ] objective gradient
 [ -2.8792495130e-01 -9.5765515213e-01 ] nlcon_1 gradient



------------------------------------------
Begin Dakota derivative estimation routine
------------------------------------------

>>>>> Initial map for analytic portion of response:

------------------------------
Begin interface Evaluation   36
------------------------------
Parameters for evaluation 36:
                     -7.1822641936e-02 x1
                     -5.5332465298e-01 y1

(Asynchronous job 36 added to interface queue)


>>>>> Dakota finite difference gradient evaluation for x[1] + h:

------------------------------
Begin interface Evaluation   37
------------------------------
Parameters for evaluation 37:
                     -7.1829824200e-02 x1
                     -5.5332465298e-01 y1

(Asynchronous job 37 added to interface queue)


>>>>> Dakota finite difference gradient evaluation for x[1] - h:

------------------------------
Begin interface Evaluation   38
------------------------------
Parameters for evaluation 38:
                     -7.1815459671e-02 x1
                     -5.5332465298e-01 y1

(Asynchronous job 38 added to interface queue)


>>>>> Dakota finite difference gradient evaluation for x[2] + h:

------------------------------
Begin interface Evaluation   39
------------------------------
Parameters for evaluation 39:
                     -7.1822641936e-02 x1
                     -5.5337998544e-01 y1

(Asynchronous job 39 added to interface queue)


>>>>> Dakota finite difference gradient evaluation for x[2] - h:

------------------------------
Begin interface Evaluation   40
------------------------------
Parameters for evaluation 40:
                     -7.1822641936e-02 x1
                     -5.5326932051e-01 y1

(Asynchronous job 40 added to interface queue)



Blocking synchronize of 5 asynchronous interface evaluations
First pass: initiating 5 local asynchronous jobs
Initiating interface evaluation 36
nonblocking fork: python3 -m optim params.in results.out
Changing directory to "workdir/run.36"
Changing directory back to /home/greg/Dakota_CFS/src/Problems/Disk
Initiating interface evaluation 37
nonblocking fork: python3 -m optim params.in results.out
Changing directory to "workdir/run.37"
Changing directory back to /home/greg/Dakota_CFS/src/Problems/Disk
Initiating interface evaluation 38
nonblocking fork: python3 -m optim params.in results.out
Changing directory to "workdir/run.38"
Changing directory back to /home/greg/Dakota_CFS/src/Problems/Disk
Initiating interface evaluation 39
nonblocking fork: python3 -m optim params.in results.out
Changing directory to "workdir/run.39"
Changing directory back to /home/greg/Dakota_CFS/src/Problems/Disk
Initiating interface evaluation 40
nonblocking fork: python3 -m optim params.in results.out
Changing directory to "workdir/run.40"
Changing directory back to /home/greg/Dakota_CFS/src/Problems/Disk
Waiting on completed jobs
Removing "workdir/run.38/params.in" and "workdir/run.38/results.out"
interface evaluation 38 has completed
Waiting on completed jobs
Removing "workdir/run.39/params.in" and "workdir/run.39/results.out"
interface evaluation 39 has completed
Waiting on completed jobs
Removing "workdir/run.37/params.in" and "workdir/run.37/results.out"
interface evaluation 37 has completed
Waiting on completed jobs
Removing "workdir/run.40/params.in" and "workdir/run.40/results.out"
interface evaluation 40 has completed
Waiting on completed jobs
Removing "workdir/run.36/params.in" and "workdir/run.36/results.out"
interface evaluation 36 has completed

Active response data for interface evaluation 36:
Active set vector = { 1 1 }
                     -1.8947427104e+03 objective
                     -4.4203345664e-01 nlcon_1


Active response data for interface evaluation 37:
Active set vector = { 1 1 }
                     -1.8947414428e+03 objective
                     -4.4203253208e-01 nlcon_1


Active response data for interface evaluation 38:
Active set vector = { 1 1 }
                     -1.8947439778e+03 objective
                     -4.4203438111e-01 nlcon_1


Active response data for interface evaluation 39:
Active set vector = { 1 1 }
                     -1.8946672185e+03 objective
                     -4.4197858452e-01 nlcon_1


Active response data for interface evaluation 40:
Active set vector = { 1 1 }
                     -1.8948182115e+03 objective
                     -4.4208832876e-01 nlcon_1

>>>>> Total response returned to iterator:

Active set vector = { 3 3 } Deriv vars vector = { 1 2 }
                     -1.8947427104e+03 objective
                     -4.4203345664e-01 nlcon_1
 [ -1.7647635557e+02 -1.3644161478e+03 ] objective gradient
 [ -1.2872214445e-01 -9.9168042701e-01 ] nlcon_1 gradient



------------------------------------------
Begin Dakota derivative estimation routine
------------------------------------------

>>>>> Initial map for analytic portion of response:

------------------------------
Begin interface Evaluation   41
------------------------------
Parameters for evaluation 41:
                      4.7933829724e-02 x1
                     -3.1222816904e-01 y1

(Asynchronous job 41 added to interface queue)


>>>>> Dakota finite difference gradient evaluation for x[1] + h:

------------------------------
Begin interface Evaluation   42
------------------------------
Parameters for evaluation 42:
                      4.7938623107e-02 x1
                     -3.1222816904e-01 y1

(Asynchronous job 42 added to interface queue)


>>>>> Dakota finite difference gradient evaluation for x[1] - h:

------------------------------
Begin interface Evaluation   43
------------------------------
Parameters for evaluation 43:
                      4.7929036341e-02 x1
                     -3.1222816904e-01 y1

(Asynchronous job 43 added to interface queue)


>>>>> Dakota finite difference gradient evaluation for x[2] + h:

------------------------------
Begin interface Evaluation   44
------------------------------
Parameters for evaluation 44:
                      4.7933829724e-02 x1
                     -3.1225939186e-01 y1

(Asynchronous job 44 added to interface queue)


>>>>> Dakota finite difference gradient evaluation for x[2] - h:

------------------------------
Begin interface Evaluation   45
------------------------------
Parameters for evaluation 45:
                      4.7933829724e-02 x1
                     -3.1219694622e-01 y1

(Asynchronous job 45 added to interface queue)



Blocking synchronize of 5 asynchronous interface evaluations
First pass: initiating 5 local asynchronous jobs
Initiating interface evaluation 41
nonblocking fork: python3 -m optim params.in results.out
Changing directory to "workdir/run.41"
Changing directory back to /home/greg/Dakota_CFS/src/Problems/Disk
Initiating interface evaluation 42
nonblocking fork: python3 -m optim params.in results.out
Changing directory to "workdir/run.42"
Changing directory back to /home/greg/Dakota_CFS/src/Problems/Disk
Initiating interface evaluation 43
nonblocking fork: python3 -m optim params.in results.out
Changing directory to "workdir/run.43"
Changing directory back to /home/greg/Dakota_CFS/src/Problems/Disk
Initiating interface evaluation 44
nonblocking fork: python3 -m optim params.in results.out
Changing directory to "workdir/run.44"
Changing directory back to /home/greg/Dakota_CFS/src/Problems/Disk
Initiating interface evaluation 45
nonblocking fork: python3 -m optim params.in results.out
Changing directory to "workdir/run.45"
Changing directory back to /home/greg/Dakota_CFS/src/Problems/Disk
Waiting on completed jobs
Removing "workdir/run.41/params.in" and "workdir/run.41/results.out"
interface evaluation 41 has completed
Waiting on completed jobs
Removing "workdir/run.43/params.in" and "workdir/run.43/results.out"
interface evaluation 43 has completed
Waiting on completed jobs
Removing "workdir/run.45/params.in" and "workdir/run.45/results.out"
interface evaluation 45 has completed
Waiting on completed jobs
Removing "workdir/run.44/params.in" and "workdir/run.44/results.out"
interface evaluation 44 has completed
Waiting on completed jobs
Removing "workdir/run.42/params.in" and "workdir/run.42/results.out"
interface evaluation 42 has completed

Active response data for interface evaluation 41:
Active set vector = { 1 1 }
                     -2.3211622510e+03 objective
                     -6.8411381551e-01 nlcon_1


Active response data for interface evaluation 42:
Active set vector = { 1 1 }
                     -2.3211607012e+03 objective
                     -6.8411308811e-01 nlcon_1


Active response data for interface evaluation 43:
Active set vector = { 1 1 }
                     -2.3211638006e+03 objective
                     -6.8411454285e-01 nlcon_1


Active response data for interface evaluation 44:
Active set vector = { 1 1 }
                     -2.3210942303e+03 objective
                     -6.8408295415e-01 nlcon_1


Active response data for interface evaluation 45:
Active set vector = { 1 1 }
                     -2.3212302755e+03 objective
                     -6.8414467671e-01 nlcon_1

>>>>> Total response returned to iterator:

Active set vector = { 3 3 } Deriv vars vector = { 1 2 }
                     -2.3211622510e+03 objective
                     -6.8411381551e-01 nlcon_1
 [  3.2330647786e+02 -2.1786178962e+03 ] objective gradient
 [  1.5174405325e-01 -9.8842087834e-01 ] nlcon_1 gradient



------------------------------------------
Begin Dakota derivative estimation routine
------------------------------------------

>>>>> Initial map for analytic portion of response:

------------------------------
Begin interface Evaluation   46
------------------------------
Parameters for evaluation 46:
                      1.0781206555e-01 x1
                     -1.9167992707e-01 y1

(Asynchronous job 46 added to interface queue)


>>>>> Dakota finite difference gradient evaluation for x[1] + h:

------------------------------
Begin interface Evaluation   47
------------------------------
Parameters for evaluation 47:
                      1.0782284676e-01 x1
                     -1.9167992707e-01 y1

(Asynchronous job 47 added to interface queue)


>>>>> Dakota finite difference gradient evaluation for x[1] - h:

------------------------------
Begin interface Evaluation   48
------------------------------
Parameters for evaluation 48:
                      1.0780128435e-01 x1
                     -1.9167992707e-01 y1

(Asynchronous job 48 added to interface queue)


>>>>> Dakota finite difference gradient evaluation for x[2] + h:

------------------------------
Begin interface Evaluation   49
------------------------------
Parameters for evaluation 49:
                      1.0781206555e-01 x1
                     -1.9169909507e-01 y1

(Asynchronous job 49 added to interface queue)


>>>>> Dakota finite difference gradient evaluation for x[2] - h:

------------------------------
Begin interface Evaluation   50
------------------------------
Parameters for evaluation 50:
                      1.0781206555e-01 x1
                     -1.9166075908e-01 y1

(Asynchronous job 50 added to interface queue)



Blocking synchronize of 5 asynchronous interface evaluations
First pass: initiating 5 local asynchronous jobs
Initiating interface evaluation 46
nonblocking fork: python3 -m optim params.in results.out
Changing directory to "workdir/run.46"
Changing directory back to /home/greg/Dakota_CFS/src/Problems/Disk
Initiating interface evaluation 47
nonblocking fork: python3 -m optim params.in results.out
Changing directory to "workdir/run.47"
Changing directory back to /home/greg/Dakota_CFS/src/Problems/Disk
Initiating interface evaluation 48
nonblocking fork: python3 -m optim params.in results.out
Changing directory to "workdir/run.48"
Changing directory back to /home/greg/Dakota_CFS/src/Problems/Disk
Initiating interface evaluation 49
nonblocking fork: python3 -m optim params.in results.out
Changing directory to "workdir/run.49"
Changing directory back to /home/greg/Dakota_CFS/src/Problems/Disk
Initiating interface evaluation 50
nonblocking fork: python3 -m optim params.in results.out
Changing directory to "workdir/run.50"
Changing directory back to /home/greg/Dakota_CFS/src/Problems/Disk
Waiting on completed jobs
Removing "workdir/run.47/params.in" and "workdir/run.47/results.out"
interface evaluation 47 has completed
Waiting on completed jobs
Removing "workdir/run.48/params.in" and "workdir/run.48/results.out"
interface evaluation 48 has completed
Waiting on completed jobs
Removing "workdir/run.49/params.in" and "workdir/run.49/results.out"
interface evaluation 49 has completed
Waiting on completed jobs
Removing "workdir/run.50/params.in" and "workdir/run.50/results.out"
interface evaluation 50 has completed
Waiting on completed jobs
Removing "workdir/run.46/params.in" and "workdir/run.46/results.out"
interface evaluation 46 has completed

Active response data for interface evaluation 46:
Active set vector = { 1 1 }
                     -2.5614142546e+03 objective
                     -7.8008038755e-01 nlcon_1


Active response data for interface evaluation 47:
Active set vector = { 1 1 }
                     -2.5613996575e+03 objective
                     -7.8007510203e-01 nlcon_1


Active response data for interface evaluation 48:
Active set vector = { 1 1 }
                     -2.5614288510e+03 objective
                     -7.8008567270e-01 nlcon_1


Active response data for interface evaluation 49:
Active set vector = { 1 1 }
                     -2.5613698040e+03 objective
                     -7.8006368069e-01 nlcon_1


Active response data for interface evaluation 50:
Active set vector = { 1 1 }
                     -2.5614587057e+03 objective
                     -7.8009709400e-01 nlcon_1

>>>>> Total response returned to iterator:

Active set vector = { 3 3 } Deriv vars vector = { 1 2 }
                     -2.5614142546e+03 objective
                     -7.8008038755e-01 nlcon_1
 [  1.3539033794e+03 -2.3190124119e+03 ] objective gradient
 [  4.9023594897e-01 -8.7159120423e-01 ] nlcon_1 gradient



>>>>> optpp_q_newton: post-run phase.
********************************************************
             OPT++ TERMINATION CRITERION                
	  FAILURE - optpp_q_newton terminated
Algorithm terminated - Number of backtracks exceeds the specified limit
********************************************************
<<<<< Function evaluation summary (interface): 50 total (50 new, 0 duplicate)
      objective: 50 val (50 n, 0 d), 0 grad (0 n, 0 d), 0 Hess (0 n, 0 d)
        nlcon_1: 50 val (50 n, 0 d), 0 grad (0 n, 0 d), 0 Hess (0 n, 0 d)
<<<<< Best parameters          =
                      1.6769030138e-01 x1
                     -7.1131685106e-02 y1
<<<<< Best objective function  =
                     -2.6501747797e+03
<<<<< Best constraint values   =
                     -8.1784689459e-01
<<<<< Best data captured at function evaluation 21


<<<<< Iterator optpp_q_newton completed.
<<<<< Environment execution completed.
DAKOTA execution time in seconds:
  Total CPU        =   0.106017 [parent =   0.106016, child =      1e-06]
  Total wall clock =    123.579
