**********************************************************
OPT++ version 2.4
Job run at Tue Apr  7 19:53:54 2020

**********************************************************

		 NIPS Iteration Summary

	Nonlinear Interior-Point Method Method with Line Search 
 
  Merit Function =  1 

  Iter    F(x)       mu          alpha      Merit    feval    btracks  Penalty

    0 0x1.3c907e94d7ae6p+0 0x1.6b87c17ef0e6p-2 
    1 0x1.00d32a7a021c4p-1 0x1.6b87c17ef0e6p-20x1.094b4bfc1da21p-1 0x1.bf72495141c2dp+9    2   0   0x1.9p+6
    2 -0x1.aa43f1e9cdc51p+10 0x1.6b87c17ef0e6p-20x1.1b8d16c993ec1p-1 -0x1.e29b9aeaa5eaap+9    3   0   0x1.9p+6
    3 -0x1.4b4597cbaafc5p+11 0x1.6b87c17ef0e6p-20x1.47124f8c5258bp-12 -0x1.ea6b16388182ap+10    5   1   0x1.9p+6
step_type = -1


=========  Solution from Opt++  ===========

Optimization method       = Nonlinear Interior-Point Method
Dimension of the problem  = 2
No. equalities            = 0
No. inequalities          = 5
Merit Function (0= NormFmu, 1 = Argaez, 2 = Vanderbei) = 1
Return code               = -1 (Algorithm terminated - Number of backtracks exceeds the specified limit)
No. iterations taken      = 4
No. function evaluations  = 10
No. gradient evaluations  = 10
No. backtracks in lnsrch  = 6


=========  Solution from Opt++  ===========


    i	    xc 		 grad  		 fcn_accrcy 
     00x1.576e034267964p-3	0x1.47e830e3e1a71p+11	     0x1p-52
     1-0x1.235afa53d3a78p-4	-0x1.1afa68bc93605p+10	     0x1p-52
Function Value     = -0x1.4b4597cbaafc5p+11
Norm of gradient   = 0x1.65216521925b8p+11


==============================================



=========  Solution from Opt++  ===========


    i	   y    



=====================================


    i	    z 	      s

    00x1.353eb4aaa9968p-130x1.8d30e55358f3ap+0
    10x1.b36089ec7925cp-40x1.1fc9a1463ea42p+1
    20x1.1a56cdb46f439p-10x1.edca505ac2c58p+0
    30x1.5139ae525cf51p-10x1.d5123f97b30d4p+0
    40x1.09eec79bc8b92p-30x1.091ad7d29e9d4p+1


==========  Tolerances  ===========

Machine Epsilon      = 2.22045e-16
Maximum Step         = 1000
Minimum Step         = 1.49012e-08
Maximum Iter         = 250
Maximum Backtracks   = 5
Maximum Fcn Eval     = 1000
Step Tolerance       = 1.49012e-08
Function Tolerance   = 0.0001
Constraint Tolerance = 1.49012e-08
Gradient Tolerance   = 0.0001
LineSearch Tolerance = 0.0001
